2025-5-9 21:55:26-log: Cannot access game frame or container.
2025-5-9 21:55:27-debug: asset-db:require-engine-code (2728ms)
2025-5-9 21:55:27-log: meshopt wasm decoder initialized
2025-5-9 21:55:27-log: [bullet]:bullet wasm lib loaded.
2025-5-9 21:55:28-log: [box2d]:box2d wasm lib loaded.
2025-5-9 21:55:28-log: Cocos Creator v3.8.6
2025-5-9 21:55:28-log: Using legacy pipeline
2025-5-9 21:55:28-log: Forward render pipeline initialized.
2025-5-9 21:55:28-debug: [Assets Memory track]: asset-db:worker-init: initEngine start:34.68MB, end 79.98MB, increase: 45.30MB
2025-5-9 21:55:28-debug: [Assets Memory track]: asset-db-plugin-register: programming start:81.14MB, end 82.82MB, increase: 1.68MB
2025-5-9 21:55:32-debug: [Assets Memory track]: asset-db-plugin-register: engine-extends start:225.06MB, end 228.18MB, increase: 3.13MB
2025-5-9 21:55:32-debug: [Assets Memory track]: asset-db-plugin-register: builder start:82.85MB, end 224.82MB, increase: 141.98MB
2025-5-9 21:55:32-debug: [Assets Memory track]: asset-db-plugin-register: project start:81.01MB, end 228.37MB, increase: 147.36MB
2025-5-9 21:55:32-debug: [Assets Memory track]: asset-db:worker-init: initPlugin start:80.00MB, end 228.70MB, increase: 148.70MB
2025-5-9 21:55:32-debug: asset-db:worker-init: initPlugin (3853ms)
2025-5-9 21:55:32-debug: [Assets Memory track]: asset-db:worker-init start:34.67MB, end 228.49MB, increase: 193.82MB
2025-5-9 21:55:32-debug: Run asset db hook programming:beforePreStart ...
2025-5-9 21:55:32-debug: Run asset db hook programming:beforePreStart success!
2025-5-9 21:55:32-debug: Run asset db hook engine-extends:beforePreStart ...
2025-5-9 21:55:32-debug: Run asset db hook engine-extends:beforePreStart success!
2025-5-9 21:55:32-debug: asset-db:worker-init (7336ms)
2025-5-9 21:55:32-debug: asset-db-hook-programming-beforePreStart (200ms)
2025-5-9 21:55:32-debug: asset-db-hook-engine-extends-beforePreStart (199ms)
2025-5-9 21:55:32-debug: Preimport db internal success
2025-5-9 21:55:32-debug: Preimport db assets success
2025-5-9 21:55:32-debug: Preimport db oops-framework success
2025-5-9 21:55:32-debug: Run asset db hook programming:afterPreStart ...
2025-5-9 21:55:32-debug: starting packer-driver...
2025-5-9 21:55:33-debug: initialize scripting environment...
2025-5-9 21:55:33-debug: [[Executor]] prepare before lock
2025-5-9 21:55:33-debug: Set detail map pack:///resolution-detail-map.json: {}
2025-5-9 21:55:33-debug: [[Executor]] prepare after unlock
2025-5-9 21:55:33-debug: Run asset db hook engine-extends:afterPreStart ...
2025-5-9 21:55:33-debug: Start up the 'internal' database...
2025-5-9 21:55:33-debug: asset-db-hook-programming-afterPreStart (1303ms)
2025-5-9 21:55:33-debug: Run asset db hook programming:afterPreStart success!
2025-5-9 21:55:33-debug: Run asset db hook engine-extends:afterPreStart success!
2025-5-9 21:55:33-debug: [Assets Memory track]: asset-db:worker-init: preStart start:228.51MB, end 231.81MB, increase: 3.30MB
2025-5-9 21:55:33-debug: asset-db:worker-effect-data-processing (532ms)
2025-5-9 21:55:33-debug: asset-db-hook-engine-extends-afterPreStart (533ms)
2025-5-9 21:55:33-debug: [Assets Memory track]: asset-db:worker-startup-database[internal] start:228.58MB, end 246.79MB, increase: 18.21MB
2025-5-9 21:55:33-debug: Start up the 'assets' database...
2025-5-9 21:55:33-debug: asset-db:worker-startup-database[internal] (1775ms)
2025-5-9 21:55:34-debug: [Assets Memory track]: asset-db:worker-startup-database[assets] start:228.72MB, end 247.66MB, increase: 18.94MB
2025-5-9 21:55:34-debug: Start up the 'oops-framework' database...
2025-5-9 21:55:34-debug: asset-db:worker-startup-database[assets] (1530ms)
2025-5-9 21:55:34-debug: [Assets Memory track]: asset-db:worker-startup-database[oops-framework] start:230.36MB, end 243.42MB, increase: 13.06MB
2025-5-9 21:55:34-debug: [Assets Memory track]: asset-db:worker-init: startup start:231.83MB, end 243.44MB, increase: 11.61MB
2025-5-9 21:55:34-debug: lazy register asset handler *
2025-5-9 21:55:34-debug: lazy register asset handler directory
2025-5-9 21:55:34-debug: lazy register asset handler text
2025-5-9 21:55:34-debug: lazy register asset handler json
2025-5-9 21:55:34-debug: lazy register asset handler spine-data
2025-5-9 21:55:34-debug: lazy register asset handler dragonbones
2025-5-9 21:55:34-debug: lazy register asset handler dragonbones-atlas
2025-5-9 21:55:34-debug: lazy register asset handler terrain
2025-5-9 21:55:34-debug: lazy register asset handler javascript
2025-5-9 21:55:34-debug: lazy register asset handler typescript
2025-5-9 21:55:34-debug: lazy register asset handler scene
2025-5-9 21:55:34-debug: lazy register asset handler prefab
2025-5-9 21:55:34-debug: lazy register asset handler sprite-frame
2025-5-9 21:55:34-debug: lazy register asset handler tiled-map
2025-5-9 21:55:34-debug: lazy register asset handler buffer
2025-5-9 21:55:34-debug: lazy register asset handler image
2025-5-9 21:55:34-debug: lazy register asset handler sign-image
2025-5-9 21:55:34-debug: lazy register asset handler alpha-image
2025-5-9 21:55:34-debug: lazy register asset handler texture
2025-5-9 21:55:34-debug: lazy register asset handler erp-texture-cube
2025-5-9 21:55:34-debug: lazy register asset handler render-texture
2025-5-9 21:55:34-debug: lazy register asset handler texture-cube-face
2025-5-9 21:55:34-debug: lazy register asset handler rt-sprite-frame
2025-5-9 21:55:34-debug: lazy register asset handler gltf
2025-5-9 21:55:34-debug: lazy register asset handler gltf-mesh
2025-5-9 21:55:34-debug: lazy register asset handler gltf-animation
2025-5-9 21:55:34-debug: lazy register asset handler gltf-skeleton
2025-5-9 21:55:34-debug: lazy register asset handler gltf-material
2025-5-9 21:55:34-debug: lazy register asset handler gltf-scene
2025-5-9 21:55:34-debug: lazy register asset handler gltf-embeded-image
2025-5-9 21:55:34-debug: lazy register asset handler fbx
2025-5-9 21:55:34-debug: lazy register asset handler material
2025-5-9 21:55:34-debug: lazy register asset handler physics-material
2025-5-9 21:55:34-debug: lazy register asset handler effect
2025-5-9 21:55:34-debug: lazy register asset handler effect-header
2025-5-9 21:55:34-debug: lazy register asset handler audio-clip
2025-5-9 21:55:34-debug: lazy register asset handler animation-clip
2025-5-9 21:55:34-debug: lazy register asset handler animation-graph
2025-5-9 21:55:34-debug: lazy register asset handler animation-mask
2025-5-9 21:55:34-debug: lazy register asset handler ttf-font
2025-5-9 21:55:34-debug: lazy register asset handler bitmap-font
2025-5-9 21:55:34-debug: lazy register asset handler auto-atlas
2025-5-9 21:55:34-debug: lazy register asset handler label-atlas
2025-5-9 21:55:34-debug: lazy register asset handler sprite-atlas
2025-5-9 21:55:34-debug: lazy register asset handler render-pipeline
2025-5-9 21:55:34-debug: lazy register asset handler render-stage
2025-5-9 21:55:34-debug: lazy register asset handler render-flow
2025-5-9 21:55:34-debug: lazy register asset handler instantiation-material
2025-5-9 21:55:34-debug: lazy register asset handler instantiation-mesh
2025-5-9 21:55:34-debug: lazy register asset handler instantiation-skeleton
2025-5-9 21:55:34-debug: lazy register asset handler instantiation-animation
2025-5-9 21:55:34-debug: lazy register asset handler video-clip
2025-5-9 21:55:34-debug: lazy register asset handler texture-cube
2025-5-9 21:55:34-debug: asset-db:worker-startup-database[oops-framework] (1549ms)
2025-5-9 21:55:34-debug: asset-db:start-database (1855ms)
2025-5-9 21:55:34-debug: asset-db:ready (16599ms)
2025-5-9 21:55:34-debug: lazy register asset handler animation-graph-variant
2025-5-9 21:55:34-debug: lazy register asset handler particle
2025-5-9 21:55:34-debug: fix the bug of updateDefaultUserData
2025-5-9 21:55:34-debug: init worker message success
2025-5-9 21:55:35-log: [oops-plugin-hot-update] 热更新插件加载
2025-5-9 21:55:35-debug: programming:execute-script (991ms)
2025-5-9 21:55:35-debug: [Build Memory track]: builder:worker-init start:247.69MB, end 260.24MB, increase: 12.55MB
2025-5-9 21:55:35-debug: builder:worker-init (1218ms)
2025-5-9 21:57:26-debug: refresh db internal success
2025-5-9 21:57:26-debug: refresh db assets success
2025-5-9 21:57:26-debug: refresh db oops-framework success
2025-5-9 21:57:26-debug: Run asset db hook engine-extends:afterRefresh ...
2025-5-9 21:57:26-debug: Run asset db hook engine-extends:afterRefresh success!
2025-5-9 21:57:26-debug: asset-db:refresh-all-database (81ms)
2025-5-9 21:57:26-debug: asset-db-hook-engine-extends-afterRefresh (1ms)
2025-5-9 21:57:26-debug: asset-db:worker-effect-data-processing (1ms)
2025-5-9 22:00:31-debug: refresh db internal success
2025-5-9 22:00:31-debug: %cImport%c: /Volumes/SSD/ccProject/assets/script/battle/demos/bulletHellbackground: #aaff85; color: #000;color: #000;
2025-5-9 22:00:31-debug: %cImport%c: /Volumes/SSD/ccProject/assets/script/battle/demos/bulletHell/bulletHell.tsbackground: #aaff85; color: #000;color: #000;
2025-5-9 22:00:31-debug: refresh db assets success
2025-5-9 22:00:32-debug: refresh db oops-framework success
2025-5-9 22:00:32-debug: Run asset db hook engine-extends:afterRefresh ...
2025-5-9 22:00:32-debug: Run asset db hook engine-extends:afterRefresh success!
2025-5-9 22:00:32-debug: asset-db:refresh-all-database (320ms)
2025-5-9 22:00:32-debug: asset-db:worker-effect-data-processing (9ms)
2025-5-9 22:00:32-debug: asset-db-hook-engine-extends-afterRefresh (42ms)
2025-5-9 22:01:20-debug: refresh db internal success
2025-5-9 22:01:20-debug: refresh db assets success
2025-5-9 22:01:20-debug: refresh db oops-framework success
2025-5-9 22:01:20-debug: Run asset db hook engine-extends:afterRefresh ...
2025-5-9 22:01:20-debug: Run asset db hook engine-extends:afterRefresh success!
2025-5-9 22:01:20-debug: asset-db:refresh-all-database (117ms)
2025-5-9 22:01:20-debug: asset-db-hook-engine-extends-afterRefresh (2ms)
2025-5-9 22:06:04-debug: refresh db internal success
2025-5-9 22:06:04-debug: refresh db assets success
2025-5-9 22:06:04-debug: refresh db oops-framework success
2025-5-9 22:06:04-debug: Run asset db hook engine-extends:afterRefresh ...
2025-5-9 22:06:04-debug: Run asset db hook engine-extends:afterRefresh success!
2025-5-9 22:06:04-debug: asset-db:refresh-all-database (92ms)
2025-5-9 22:06:04-debug: asset-db:worker-effect-data-processing (2ms)
2025-5-9 22:06:04-debug: asset-db-hook-engine-extends-afterRefresh (3ms)
2025-5-9 22:06:24-debug: Query all assets info in project
2025-5-9 22:06:24-debug: init custom config: keepNodeUuid: false, useCache: true
2025-5-9 22:06:24-debug: Skip compress image, progress: 0%
2025-5-9 22:06:24-debug: Init all bundles start..., progress: 0%
2025-5-9 22:06:24-debug: Num of bundles: 4..., progress: 0%
2025-5-9 22:06:24-debug: 查询 Asset Bundle start, progress: 0%
2025-5-9 22:06:24-debug: // ---- build task 查询 Asset Bundle ----
2025-5-9 22:06:24-debug: Init bundle root assets start..., progress: 0%
2025-5-9 22:06:24-debug: Query preload assets/scripts from cc.config.json: 60f7195c-ec2a-45eb-ba94-8955f60e81d0,1c02ae6f-4492-4915-b8f8-7492a3b1e4cd,810e96e4-e456-4468-9b59-f4e8f39732c0,efe8e2a3-eace-427b-b4f1-cb8a937ec77d,e9aa9a3e-5b2b-4ac7-a2c7-073de2b2b24f,8bbdbcdd-5cd4-4100-b6d5-b7c9625b6107,50f4348b-c883-4e2f-8f11-ce233b859fa1,fda095cb-831d-4601-ad94-846013963de8,f92806d7-1768-443f-afe8-12bcde84d0f0,dd3a144d-ab7f-41f0-82b8-2e43a090d496,f0416e68-0200-4b77-a926-4f9d16e494da,511d2633-09a7-4bdd-ac42-f778032124b3,5d45aa00-e064-4938-b314-4265f0c2258c,9361fd90-ba52-4f84-aa93-6e878fd576ca,970b0598-bcb0-4714-91fb-2e81440dccd8,bcd64cc6-2dd9-43f6-abbe-66318d332032,d930590d-bb92-4cc8-8bd1-23cd027f9edf,a3cd009f-0ab0-420d-9278-b9fdab939bbc,6a2d0734-bd9e-4ddf-946e-caa52498cb75,c27215d8-6835-4b68-bfbb-bdeac6100c04,b5d6115f-0370-4d7c-aad3-c194cc71cf98,d1346436-ac96-4271-b863-1f4fdead95b0,971bdb23-3ff6-43eb-b422-1c30165a3663,17debcc3-0a6b-4b8a-b00b-dc58b885581e,711ebe11-f673-4cd9-9a83-63c60ba54c5b,c0143906-9aed-447e-9436-2ae8512d1b6e,14da1725-c4c2-42b4-ab08-ee0aeb6898b3,081cab31-dccd-428e-8652-f2404cc81c47,78e0584a-4343-4727-8f37-e14e65c2a2db,ba21476f-2866-4f81-9c4d-6e359316e448,871c3b6c-7379-419d-bda3-794b239ab90d,1d08ef62-a503-4ce2-8b9a-46c90873f7d3,ff9b0199-ce04-4cfe-86cc-6c719f08d6e4,de1c2107-70c8-4021-8459-6399f24d01c6,cbf30902-517f-40dc-af90-a550bac27cf1
2025-5-9 22:06:24-debug:   Number of all scenes: 1
2025-5-9 22:06:24-debug:   Number of all scripts: 175
2025-5-9 22:06:24-debug:   Number of other assets: 389
2025-5-9 22:06:24-debug: Init bundle root assets success..., progress: 0%
2025-5-9 22:06:24-debug: // ---- build task 查询 Asset Bundle ---- (160ms)
2025-5-9 22:06:24-log: run build task 查询 Asset Bundle success in 160 ms√, progress: 5%
2025-5-9 22:06:24-debug: [Build Memory track]: 查询 Asset Bundle start:205.81MB, end 206.00MB, increase: 197.76KB
2025-5-9 22:06:24-debug: 查询 Asset Bundle start, progress: 5%
2025-5-9 22:06:24-debug: // ---- build task 查询 Asset Bundle ----
2025-5-9 22:06:24-debug: // ---- build task 查询 Asset Bundle ---- (34ms)
2025-5-9 22:06:24-log: run build task 查询 Asset Bundle success in 34 ms√, progress: 10%
2025-5-9 22:06:24-debug: [Build Memory track]: 查询 Asset Bundle start:206.04MB, end 206.17MB, increase: 138.52KB
2025-5-9 22:06:24-debug: 整理部分构建选项内数据到 settings.json start, progress: 10%
2025-5-9 22:06:24-debug: // ---- build task 整理部分构建选项内数据到 settings.json ----
2025-5-9 22:06:24-debug: // ---- build task 整理部分构建选项内数据到 settings.json ---- (8ms)
2025-5-9 22:06:24-log: run build task 整理部分构建选项内数据到 settings.json success in 8 ms√, progress: 12%
2025-5-9 22:06:24-debug: [Build Memory track]: 整理部分构建选项内数据到 settings.json start:206.21MB, end 206.24MB, increase: 29.12KB
2025-5-9 22:06:24-debug: 填充脚本数据到 settings.json start, progress: 12%
2025-5-9 22:06:24-debug: // ---- build task 填充脚本数据到 settings.json ----
2025-5-9 22:06:24-debug: // ---- build task 填充脚本数据到 settings.json ---- (4ms)
2025-5-9 22:06:24-log: run build task 填充脚本数据到 settings.json success in 4 ms√, progress: 13%
2025-5-9 22:06:24-debug: [Build Memory track]: 填充脚本数据到 settings.json start:206.27MB, end 206.30MB, increase: 28.55KB
2025-5-9 22:06:24-debug: 整理部分构建选项内数据到 settings.json start, progress: 13%
2025-5-9 22:06:24-debug: // ---- build task 整理部分构建选项内数据到 settings.json ----
2025-5-9 22:06:24-debug: // ---- build task 整理部分构建选项内数据到 settings.json ---- (46ms)
2025-5-9 22:06:24-log: run build task 整理部分构建选项内数据到 settings.json success in 46 ms√, progress: 15%
2025-5-9 22:06:24-debug: [Build Memory track]: 整理部分构建选项内数据到 settings.json start:206.33MB, end 205.76MB, increase: -578.87KB
2025-5-9 22:07:05-debug: refresh db internal success
2025-5-9 22:07:05-debug: refresh db assets success
2025-5-9 22:07:05-debug: refresh db oops-framework success
2025-5-9 22:07:05-debug: Run asset db hook engine-extends:afterRefresh ...
2025-5-9 22:07:05-debug: Run asset db hook engine-extends:afterRefresh success!
2025-5-9 22:07:05-debug: asset-db:refresh-all-database (246ms)
2025-5-9 22:07:05-debug: asset-db:worker-effect-data-processing (2ms)
2025-5-9 22:07:05-debug: asset-db-hook-engine-extends-afterRefresh (3ms)
2025-5-9 22:07:23-debug: Query all assets info in project
2025-5-9 22:07:23-debug: init custom config: keepNodeUuid: false, useCache: true
2025-5-9 22:07:23-debug: Skip compress image, progress: 0%
2025-5-9 22:07:23-debug: Init all bundles start..., progress: 0%
2025-5-9 22:07:23-debug: Num of bundles: 4..., progress: 0%
2025-5-9 22:07:23-debug: // ---- build task 查询 Asset Bundle ----
2025-5-9 22:07:23-debug: Init bundle root assets start..., progress: 0%
2025-5-9 22:07:23-debug: 查询 Asset Bundle start, progress: 0%
2025-5-9 22:07:23-debug: Query preload assets/scripts from cc.config.json: 60f7195c-ec2a-45eb-ba94-8955f60e81d0,1c02ae6f-4492-4915-b8f8-7492a3b1e4cd,810e96e4-e456-4468-9b59-f4e8f39732c0,efe8e2a3-eace-427b-b4f1-cb8a937ec77d,e9aa9a3e-5b2b-4ac7-a2c7-073de2b2b24f,8bbdbcdd-5cd4-4100-b6d5-b7c9625b6107,50f4348b-c883-4e2f-8f11-ce233b859fa1,fda095cb-831d-4601-ad94-846013963de8,f92806d7-1768-443f-afe8-12bcde84d0f0,dd3a144d-ab7f-41f0-82b8-2e43a090d496,f0416e68-0200-4b77-a926-4f9d16e494da,511d2633-09a7-4bdd-ac42-f778032124b3,5d45aa00-e064-4938-b314-4265f0c2258c,9361fd90-ba52-4f84-aa93-6e878fd576ca,970b0598-bcb0-4714-91fb-2e81440dccd8,bcd64cc6-2dd9-43f6-abbe-66318d332032,d930590d-bb92-4cc8-8bd1-23cd027f9edf,a3cd009f-0ab0-420d-9278-b9fdab939bbc,6a2d0734-bd9e-4ddf-946e-caa52498cb75,c27215d8-6835-4b68-bfbb-bdeac6100c04,b5d6115f-0370-4d7c-aad3-c194cc71cf98,d1346436-ac96-4271-b863-1f4fdead95b0,971bdb23-3ff6-43eb-b422-1c30165a3663,17debcc3-0a6b-4b8a-b00b-dc58b885581e,711ebe11-f673-4cd9-9a83-63c60ba54c5b,c0143906-9aed-447e-9436-2ae8512d1b6e,14da1725-c4c2-42b4-ab08-ee0aeb6898b3,081cab31-dccd-428e-8652-f2404cc81c47,78e0584a-4343-4727-8f37-e14e65c2a2db,ba21476f-2866-4f81-9c4d-6e359316e448,871c3b6c-7379-419d-bda3-794b239ab90d,1d08ef62-a503-4ce2-8b9a-46c90873f7d3,ff9b0199-ce04-4cfe-86cc-6c719f08d6e4,de1c2107-70c8-4021-8459-6399f24d01c6,cbf30902-517f-40dc-af90-a550bac27cf1
2025-5-9 22:07:23-debug: Init bundle root assets success..., progress: 0%
2025-5-9 22:07:23-debug:   Number of all scenes: 1
2025-5-9 22:07:23-debug:   Number of all scripts: 175
2025-5-9 22:07:23-debug:   Number of other assets: 389
2025-5-9 22:07:23-debug: // ---- build task 查询 Asset Bundle ---- (11ms)
2025-5-9 22:07:23-log: run build task 查询 Asset Bundle success in 11 ms√, progress: 5%
2025-5-9 22:07:23-debug: [Build Memory track]: 查询 Asset Bundle start:207.19MB, end 207.27MB, increase: 89.56KB
2025-5-9 22:07:23-debug: 查询 Asset Bundle start, progress: 5%
2025-5-9 22:07:23-debug: // ---- build task 查询 Asset Bundle ----
2025-5-9 22:07:23-debug: // ---- build task 查询 Asset Bundle ---- (3ms)
2025-5-9 22:07:23-log: run build task 查询 Asset Bundle success in 3 ms√, progress: 10%
2025-5-9 22:07:23-debug: [Build Memory track]: 查询 Asset Bundle start:207.31MB, end 206.73MB, increase: -591.13KB
2025-5-9 22:07:23-debug: 整理部分构建选项内数据到 settings.json start, progress: 10%
2025-5-9 22:07:23-debug: // ---- build task 整理部分构建选项内数据到 settings.json ----
2025-5-9 22:07:23-debug: // ---- build task 整理部分构建选项内数据到 settings.json ---- (2ms)
2025-5-9 22:07:23-log: run build task 整理部分构建选项内数据到 settings.json success in 2 ms√, progress: 12%
2025-5-9 22:07:23-debug: [Build Memory track]: 整理部分构建选项内数据到 settings.json start:206.77MB, end 206.80MB, increase: 29.32KB
2025-5-9 22:07:23-debug: 填充脚本数据到 settings.json start, progress: 12%
2025-5-9 22:07:23-debug: // ---- build task 填充脚本数据到 settings.json ----
2025-5-9 22:07:23-debug: // ---- build task 填充脚本数据到 settings.json ---- (2ms)
2025-5-9 22:07:23-log: run build task 填充脚本数据到 settings.json success in 2 ms√, progress: 13%
2025-5-9 22:07:23-debug: [Build Memory track]: 填充脚本数据到 settings.json start:206.83MB, end 206.86MB, increase: 33.04KB
2025-5-9 22:07:23-debug: 整理部分构建选项内数据到 settings.json start, progress: 13%
2025-5-9 22:07:23-debug: // ---- build task 整理部分构建选项内数据到 settings.json ----
2025-5-9 22:07:23-debug: // ---- build task 整理部分构建选项内数据到 settings.json ---- (6ms)
2025-5-9 22:07:23-log: run build task 整理部分构建选项内数据到 settings.json success in 6 ms√, progress: 15%
2025-5-9 22:07:23-debug: [Build Memory track]: 整理部分构建选项内数据到 settings.json start:206.89MB, end 207.02MB, increase: 130.72KB
