2025-5-5 16:33:56-log: Cannot access game frame or container.
2025-5-5 16:33:58-debug: asset-db:require-engine-code (4790ms)
2025-5-5 16:33:58-log: meshopt wasm decoder initialized
2025-5-5 16:33:58-log: [bullet]:bullet wasm lib loaded.
2025-5-5 16:33:58-log: [box2d]:box2d wasm lib loaded.
2025-5-5 16:33:58-log: Cocos Creator v3.8.6
2025-5-5 16:33:58-log: Using legacy pipeline
2025-5-5 16:33:58-log: Forward render pipeline initialized.
2025-5-5 16:33:58-debug: [Assets Memory track]: asset-db:worker-init: initEngine start:31.33MB, end 80.32MB, increase: 48.99MB
2025-5-5 16:33:59-debug: [Assets Memory track]: asset-db-plugin-register: programming start:81.44MB, end 82.48MB, increase: 1.04MB
2025-5-5 16:34:06-debug: [Assets Memory track]: asset-db-plugin-register: builder start:82.50MB, end 224.29MB, increase: 141.78MB
2025-5-5 16:34:06-debug: [Assets Memory track]: asset-db-plugin-register: engine-extends start:224.50MB, end 227.35MB, increase: 2.86MB
2025-5-5 16:34:06-debug: [Assets Memory track]: asset-db-plugin-register: project start:81.31MB, end 227.53MB, increase: 146.22MB
2025-5-5 16:34:06-debug: [Assets Memory track]: asset-db:worker-init: initPlugin start:80.34MB, end 227.56MB, increase: 147.21MB
2025-5-5 16:34:06-debug: asset-db:worker-init: initPlugin (7357ms)
2025-5-5 16:34:06-debug: [Assets Memory track]: asset-db:worker-init start:31.32MB, end 227.66MB, increase: 196.34MB
2025-5-5 16:34:06-debug: Run asset db hook programming:beforePreStart ...
2025-5-5 16:34:06-debug: Run asset db hook programming:beforePreStart success!
2025-5-5 16:34:06-debug: Run asset db hook engine-extends:beforePreStart ...
2025-5-5 16:34:06-debug: Run asset db hook engine-extends:beforePreStart success!
2025-5-5 16:34:06-debug: asset-db:worker-init (12710ms)
2025-5-5 16:34:06-debug: asset-db-hook-programming-beforePreStart (216ms)
2025-5-5 16:34:06-debug: asset-db-hook-engine-extends-beforePreStart (215ms)
2025-5-5 16:34:06-debug: Preimport db internal success
2025-5-5 16:34:06-debug: Preimport db assets success
2025-5-5 16:34:06-debug: Preimport db oops-framework success
2025-5-5 16:34:06-debug: Run asset db hook programming:afterPreStart ...
2025-5-5 16:34:06-debug: starting packer-driver...
2025-5-5 16:34:08-debug: initialize scripting environment...
2025-5-5 16:34:08-debug: [[Executor]] prepare before lock
2025-5-5 16:34:08-debug: Set detail map pack:///resolution-detail-map.json: {}
2025-5-5 16:34:08-debug: [[Executor]] prepare after unlock
2025-5-5 16:34:08-debug: Run asset db hook engine-extends:afterPreStart ...
2025-5-5 16:34:08-debug: Run asset db hook programming:afterPreStart success!
2025-5-5 16:34:08-debug: Run asset db hook engine-extends:afterPreStart success!
2025-5-5 16:34:08-debug: [Assets Memory track]: asset-db:worker-init: preStart start:227.68MB, end 234.41MB, increase: 6.74MB
2025-5-5 16:34:08-debug: Start up the 'internal' database...
2025-5-5 16:34:09-debug: asset-db:worker-effect-data-processing (772ms)
2025-5-5 16:34:09-debug: asset-db-hook-engine-extends-afterPreStart (773ms)
2025-5-5 16:34:09-debug: asset-db-hook-programming-afterPreStart (2577ms)
2025-5-5 16:34:09-debug: [Assets Memory track]: asset-db:worker-startup-database[internal] start:227.75MB, end 244.43MB, increase: 16.68MB
2025-5-5 16:34:09-debug: Start up the 'assets' database...
2025-5-5 16:34:09-debug: asset-db:worker-startup-database[internal] (3203ms)
2025-5-5 16:34:09-debug: [Assets Memory track]: asset-db:worker-startup-database[assets] start:231.28MB, end 245.23MB, increase: 13.95MB
2025-5-5 16:34:09-debug: Start up the 'oops-framework' database...
2025-5-5 16:34:09-debug: asset-db:worker-startup-database[assets] (2923ms)
2025-5-5 16:34:09-debug: [Assets Memory track]: asset-db:worker-startup-database[oops-framework] start:227.52MB, end 245.73MB, increase: 18.21MB
2025-5-5 16:34:09-debug: [Assets Memory track]: asset-db:worker-init: startup start:234.71MB, end 245.75MB, increase: 11.04MB
2025-5-5 16:34:09-debug: lazy register asset handler *
2025-5-5 16:34:09-debug: lazy register asset handler directory
2025-5-5 16:34:09-debug: lazy register asset handler text
2025-5-5 16:34:09-debug: lazy register asset handler json
2025-5-5 16:34:09-debug: lazy register asset handler spine-data
2025-5-5 16:34:09-debug: lazy register asset handler dragonbones
2025-5-5 16:34:09-debug: lazy register asset handler dragonbones-atlas
2025-5-5 16:34:09-debug: lazy register asset handler terrain
2025-5-5 16:34:09-debug: lazy register asset handler javascript
2025-5-5 16:34:09-debug: lazy register asset handler typescript
2025-5-5 16:34:09-debug: lazy register asset handler scene
2025-5-5 16:34:09-debug: lazy register asset handler prefab
2025-5-5 16:34:09-debug: lazy register asset handler sprite-frame
2025-5-5 16:34:09-debug: lazy register asset handler tiled-map
2025-5-5 16:34:09-debug: lazy register asset handler image
2025-5-5 16:34:09-debug: lazy register asset handler buffer
2025-5-5 16:34:09-debug: lazy register asset handler sign-image
2025-5-5 16:34:09-debug: lazy register asset handler alpha-image
2025-5-5 16:34:09-debug: lazy register asset handler texture
2025-5-5 16:34:09-debug: lazy register asset handler texture-cube
2025-5-5 16:34:09-debug: lazy register asset handler erp-texture-cube
2025-5-5 16:34:09-debug: lazy register asset handler render-texture
2025-5-5 16:34:09-debug: lazy register asset handler texture-cube-face
2025-5-5 16:34:09-debug: lazy register asset handler rt-sprite-frame
2025-5-5 16:34:09-debug: lazy register asset handler gltf
2025-5-5 16:34:09-debug: lazy register asset handler gltf-animation
2025-5-5 16:34:09-debug: lazy register asset handler gltf-mesh
2025-5-5 16:34:09-debug: lazy register asset handler gltf-skeleton
2025-5-5 16:34:09-debug: lazy register asset handler gltf-material
2025-5-5 16:34:09-debug: lazy register asset handler gltf-scene
2025-5-5 16:34:09-debug: lazy register asset handler gltf-embeded-image
2025-5-5 16:34:09-debug: lazy register asset handler fbx
2025-5-5 16:34:09-debug: lazy register asset handler material
2025-5-5 16:34:09-debug: lazy register asset handler physics-material
2025-5-5 16:34:09-debug: lazy register asset handler effect
2025-5-5 16:34:09-debug: lazy register asset handler effect-header
2025-5-5 16:34:09-debug: lazy register asset handler audio-clip
2025-5-5 16:34:09-debug: lazy register asset handler animation-clip
2025-5-5 16:34:09-debug: lazy register asset handler animation-graph
2025-5-5 16:34:09-debug: lazy register asset handler animation-graph-variant
2025-5-5 16:34:09-debug: lazy register asset handler ttf-font
2025-5-5 16:34:09-debug: lazy register asset handler bitmap-font
2025-5-5 16:34:09-debug: lazy register asset handler particle
2025-5-5 16:34:09-debug: lazy register asset handler sprite-atlas
2025-5-5 16:34:09-debug: lazy register asset handler auto-atlas
2025-5-5 16:34:09-debug: lazy register asset handler label-atlas
2025-5-5 16:34:09-debug: lazy register asset handler render-pipeline
2025-5-5 16:34:09-debug: lazy register asset handler render-stage
2025-5-5 16:34:09-debug: lazy register asset handler render-flow
2025-5-5 16:34:09-debug: lazy register asset handler instantiation-material
2025-5-5 16:34:09-debug: lazy register asset handler instantiation-mesh
2025-5-5 16:34:09-debug: lazy register asset handler animation-mask
2025-5-5 16:34:09-debug: lazy register asset handler instantiation-skeleton
2025-5-5 16:34:09-debug: lazy register asset handler instantiation-animation
2025-5-5 16:34:09-debug: lazy register asset handler video-clip
2025-5-5 16:34:09-debug: asset-db:worker-startup-database[oops-framework] (2929ms)
2025-5-5 16:34:09-debug: asset-db:start-database (3284ms)
2025-5-5 16:34:09-debug: asset-db:ready (24897ms)
2025-5-5 16:34:09-debug: fix the bug of updateDefaultUserData
2025-5-5 16:34:09-debug: init worker message success
2025-5-5 16:34:10-log: [oops-plugin-hot-update] 热更新插件加载
2025-5-5 16:34:10-debug: programming:execute-script (1271ms)
2025-5-5 16:34:11-debug: [Build Memory track]: builder:worker-init start:243.81MB, end 260.28MB, increase: 16.47MB
2025-5-5 16:34:11-debug: builder:worker-init (1732ms)
2025-5-5 16:35:07-debug: refresh db internal success
2025-5-5 16:35:07-debug: refresh db assets success
2025-5-5 16:35:07-debug: refresh db oops-framework success
2025-5-5 16:35:07-debug: Run asset db hook engine-extends:afterRefresh ...
2025-5-5 16:35:07-debug: Run asset db hook engine-extends:afterRefresh success!
2025-5-5 16:35:07-debug: asset-db:refresh-all-database (130ms)
2025-5-5 16:35:07-debug: asset-db:worker-effect-data-processing (2ms)
2025-5-5 16:35:07-debug: asset-db-hook-engine-extends-afterRefresh (2ms)
2025-5-5 16:35:48-debug: Query all assets info in project
2025-5-5 16:35:48-debug: init custom config: keepNodeUuid: false, useCache: true
2025-5-5 16:35:48-debug: Skip compress image, progress: 0%
2025-5-5 16:35:48-debug: Init all bundles start..., progress: 0%
2025-5-5 16:35:48-debug: Num of bundles: 4..., progress: 0%
2025-5-5 16:35:48-debug: 查询 Asset Bundle start, progress: 0%
2025-5-5 16:35:48-debug: // ---- build task 查询 Asset Bundle ----
2025-5-5 16:35:48-debug: Init bundle root assets start..., progress: 0%
2025-5-5 16:35:48-debug: Query preload assets/scripts from cc.config.json: 60f7195c-ec2a-45eb-ba94-8955f60e81d0,1c02ae6f-4492-4915-b8f8-7492a3b1e4cd,810e96e4-e456-4468-9b59-f4e8f39732c0,efe8e2a3-eace-427b-b4f1-cb8a937ec77d,e9aa9a3e-5b2b-4ac7-a2c7-073de2b2b24f,8bbdbcdd-5cd4-4100-b6d5-b7c9625b6107,50f4348b-c883-4e2f-8f11-ce233b859fa1,fda095cb-831d-4601-ad94-846013963de8,f92806d7-1768-443f-afe8-12bcde84d0f0,dd3a144d-ab7f-41f0-82b8-2e43a090d496,f0416e68-0200-4b77-a926-4f9d16e494da,511d2633-09a7-4bdd-ac42-f778032124b3,5d45aa00-e064-4938-b314-4265f0c2258c,9361fd90-ba52-4f84-aa93-6e878fd576ca,970b0598-bcb0-4714-91fb-2e81440dccd8,bcd64cc6-2dd9-43f6-abbe-66318d332032,d930590d-bb92-4cc8-8bd1-23cd027f9edf,a3cd009f-0ab0-420d-9278-b9fdab939bbc,6a2d0734-bd9e-4ddf-946e-caa52498cb75,c27215d8-6835-4b68-bfbb-bdeac6100c04,b5d6115f-0370-4d7c-aad3-c194cc71cf98,d1346436-ac96-4271-b863-1f4fdead95b0,971bdb23-3ff6-43eb-b422-1c30165a3663,17debcc3-0a6b-4b8a-b00b-dc58b885581e,711ebe11-f673-4cd9-9a83-63c60ba54c5b,c0143906-9aed-447e-9436-2ae8512d1b6e,14da1725-c4c2-42b4-ab08-ee0aeb6898b3,081cab31-dccd-428e-8652-f2404cc81c47,78e0584a-4343-4727-8f37-e14e65c2a2db,ba21476f-2866-4f81-9c4d-6e359316e448,871c3b6c-7379-419d-bda3-794b239ab90d,1d08ef62-a503-4ce2-8b9a-46c90873f7d3,ff9b0199-ce04-4cfe-86cc-6c719f08d6e4,de1c2107-70c8-4021-8459-6399f24d01c6,cbf30902-517f-40dc-af90-a550bac27cf1
2025-5-5 16:35:48-debug:   Number of all scenes: 1
2025-5-5 16:35:48-debug:   Number of all scripts: 175
2025-5-5 16:35:48-debug:   Number of other assets: 391
2025-5-5 16:35:48-debug: Init bundle root assets success..., progress: 0%
2025-5-5 16:35:48-debug: // ---- build task 查询 Asset Bundle ---- (45ms)
2025-5-5 16:35:48-log: run build task 查询 Asset Bundle success in 45 ms√, progress: 5%
2025-5-5 16:35:48-debug: [Build Memory track]: 查询 Asset Bundle start:200.38MB, end 200.78MB, increase: 406.19KB
2025-5-5 16:35:48-debug: 查询 Asset Bundle start, progress: 5%
2025-5-5 16:35:48-debug: // ---- build task 查询 Asset Bundle ----
2025-5-5 16:35:48-debug: // ---- build task 查询 Asset Bundle ---- (31ms)
2025-5-5 16:35:48-log: run build task 查询 Asset Bundle success in 31 ms√, progress: 10%
2025-5-5 16:35:48-debug: [Build Memory track]: 查询 Asset Bundle start:200.81MB, end 200.24MB, increase: -588.07KB
2025-5-5 16:35:48-debug: 整理部分构建选项内数据到 settings.json start, progress: 10%
2025-5-5 16:35:48-debug: // ---- build task 整理部分构建选项内数据到 settings.json ----
2025-5-5 16:35:48-debug: // ---- build task 整理部分构建选项内数据到 settings.json ---- (3ms)
2025-5-5 16:35:48-log: run build task 整理部分构建选项内数据到 settings.json success in 3 ms√, progress: 12%
2025-5-5 16:35:48-debug: [Build Memory track]: 整理部分构建选项内数据到 settings.json start:200.27MB, end 200.30MB, increase: 29.15KB
2025-5-5 16:35:48-debug: 填充脚本数据到 settings.json start, progress: 12%
2025-5-5 16:35:48-debug: // ---- build task 填充脚本数据到 settings.json ----
2025-5-5 16:35:48-debug: // ---- build task 填充脚本数据到 settings.json ---- (2ms)
2025-5-5 16:35:48-log: run build task 填充脚本数据到 settings.json success in 2 ms√, progress: 13%
2025-5-5 16:35:48-debug: [Build Memory track]: 填充脚本数据到 settings.json start:200.34MB, end 200.36MB, increase: 28.60KB
2025-5-5 16:35:48-debug: 整理部分构建选项内数据到 settings.json start, progress: 13%
2025-5-5 16:35:48-debug: // ---- build task 整理部分构建选项内数据到 settings.json ----
2025-5-5 16:35:48-debug: // ---- build task 整理部分构建选项内数据到 settings.json ---- (13ms)
2025-5-5 16:35:48-log: run build task 整理部分构建选项内数据到 settings.json success in 13 ms√, progress: 15%
2025-5-5 16:35:48-debug: [Build Memory track]: 整理部分构建选项内数据到 settings.json start:200.40MB, end 200.53MB, increase: 141.81KB
