2025-5-5 15:21:17-log: Cannot access game frame or container.
2025-5-5 15:21:19-debug: asset-db:require-engine-code (2675ms)
2025-5-5 15:21:19-log: meshopt wasm decoder initialized
2025-5-5 15:21:19-log: [bullet]:bullet wasm lib loaded.
2025-5-5 15:21:19-log: [box2d]:box2d wasm lib loaded.
2025-5-5 15:21:19-log: Cocos Creator v3.8.6
2025-5-5 15:21:20-debug: [Assets Memory track]: asset-db-plugin-register: programming start:83.86MB, end 86.50MB, increase: 2.64MB
2025-5-5 15:21:25-debug: [Assets Memory track]: asset-db-plugin-register: builder start:86.53MB, end 198.87MB, increase: 112.34MB
2025-5-5 15:21:25-debug: [Assets Memory track]: asset-db-plugin-register: engine-extends start:199.13MB, end 202.46MB, increase: 3.33MB
2025-5-5 15:21:25-debug: [Assets Memory track]: asset-db-plugin-register: project start:83.71MB, end 202.67MB, increase: 118.96MB
2025-5-5 15:21:25-debug: [Assets Memory track]: asset-db:worker-init: initPlugin start:82.71MB, end 202.72MB, increase: 120.00MB
2025-5-5 15:21:19-log: Using legacy pipeline
2025-5-5 15:21:19-log: Forward render pipeline initialized.
2025-5-5 15:21:19-debug: [Assets Memory track]: asset-db:worker-init: initEngine start:34.72MB, end 82.69MB, increase: 47.98MB
2025-5-5 15:21:25-debug: asset-db:worker-init: initPlugin (5595ms)
2025-5-5 15:21:25-debug: [Assets Memory track]: asset-db:worker-init start:34.71MB, end 202.80MB, increase: 168.09MB
2025-5-5 15:21:25-debug: Run asset db hook programming:beforePreStart ...
2025-5-5 15:21:25-debug: Run asset db hook programming:beforePreStart success!
2025-5-5 15:21:25-debug: Run asset db hook engine-extends:beforePreStart ...
2025-5-5 15:21:25-debug: Run asset db hook engine-extends:beforePreStart success!
2025-5-5 15:21:25-debug: asset-db:worker-init (8741ms)
2025-5-5 15:21:25-debug: asset-db-hook-programming-beforePreStart (143ms)
2025-5-5 15:21:25-debug: asset-db-hook-engine-extends-beforePreStart (143ms)
2025-5-5 15:21:25-debug: Preimport db internal success
2025-5-5 15:21:25-debug: Preimport db assets success
2025-5-5 15:21:25-debug: Preimport db oops-framework success
2025-5-5 15:21:25-debug: Run asset db hook programming:afterPreStart ...
2025-5-5 15:21:25-debug: starting packer-driver...
2025-5-5 15:21:26-debug: initialize scripting environment...
2025-5-5 15:21:26-debug: [[Executor]] prepare before lock
2025-5-5 15:21:26-debug: Set detail map pack:///resolution-detail-map.json: {}
2025-5-5 15:21:26-debug: [[Executor]] prepare after unlock
2025-5-5 15:21:26-debug: Run asset db hook programming:afterPreStart success!
2025-5-5 15:21:26-debug: Run asset db hook engine-extends:afterPreStart ...
2025-5-5 15:21:26-debug: Run asset db hook engine-extends:afterPreStart success!
2025-5-5 15:21:26-debug: Start up the 'internal' database...
2025-5-5 15:21:27-debug: asset-db-hook-programming-afterPreStart (1513ms)
2025-5-5 15:21:27-debug: asset-db:worker-effect-data-processing (623ms)
2025-5-5 15:21:27-debug: asset-db-hook-engine-extends-afterPreStart (623ms)
2025-5-5 15:21:27-debug: Start up the 'assets' database...
2025-5-5 15:21:27-debug: [Assets Memory track]: asset-db:worker-startup-database[internal] start:202.90MB, end 218.54MB, increase: 15.64MB
2025-5-5 15:21:27-debug: asset-db:worker-startup-database[internal] (1892ms)
2025-5-5 15:21:27-debug: Start up the 'oops-framework' database...
2025-5-5 15:21:27-debug: [Assets Memory track]: asset-db:worker-startup-database[assets] start:201.39MB, end 219.28MB, increase: 17.89MB
2025-5-5 15:21:27-debug: asset-db:worker-startup-database[assets] (1714ms)
2025-5-5 15:21:27-debug: [Assets Memory track]: asset-db:worker-startup-database[oops-framework] start:203.04MB, end 219.69MB, increase: 16.65MB
2025-5-5 15:21:27-debug: lazy register asset handler *
2025-5-5 15:21:27-debug: lazy register asset handler directory
2025-5-5 15:21:27-debug: lazy register asset handler text
2025-5-5 15:21:27-debug: lazy register asset handler json
2025-5-5 15:21:27-debug: lazy register asset handler spine-data
2025-5-5 15:21:27-debug: lazy register asset handler dragonbones
2025-5-5 15:21:27-debug: lazy register asset handler dragonbones-atlas
2025-5-5 15:21:27-debug: lazy register asset handler terrain
2025-5-5 15:21:27-debug: lazy register asset handler javascript
2025-5-5 15:21:27-debug: lazy register asset handler typescript
2025-5-5 15:21:27-debug: lazy register asset handler scene
2025-5-5 15:21:27-debug: lazy register asset handler prefab
2025-5-5 15:21:27-debug: lazy register asset handler sprite-frame
2025-5-5 15:21:27-debug: lazy register asset handler tiled-map
2025-5-5 15:21:27-debug: [Assets Memory track]: asset-db:worker-init: startup start:203.21MB, end 219.71MB, increase: 16.50MB
2025-5-5 15:21:27-debug: lazy register asset handler buffer
2025-5-5 15:21:27-debug: lazy register asset handler image
2025-5-5 15:21:27-debug: lazy register asset handler sign-image
2025-5-5 15:21:27-debug: lazy register asset handler alpha-image
2025-5-5 15:21:27-debug: lazy register asset handler texture
2025-5-5 15:21:27-debug: lazy register asset handler texture-cube
2025-5-5 15:21:27-debug: lazy register asset handler erp-texture-cube
2025-5-5 15:21:27-debug: lazy register asset handler render-texture
2025-5-5 15:21:27-debug: lazy register asset handler rt-sprite-frame
2025-5-5 15:21:27-debug: lazy register asset handler gltf
2025-5-5 15:21:27-debug: lazy register asset handler gltf-mesh
2025-5-5 15:21:27-debug: lazy register asset handler gltf-animation
2025-5-5 15:21:27-debug: lazy register asset handler gltf-skeleton
2025-5-5 15:21:27-debug: lazy register asset handler gltf-material
2025-5-5 15:21:27-debug: lazy register asset handler gltf-scene
2025-5-5 15:21:27-debug: lazy register asset handler gltf-embeded-image
2025-5-5 15:21:27-debug: lazy register asset handler fbx
2025-5-5 15:21:27-debug: lazy register asset handler material
2025-5-5 15:21:27-debug: lazy register asset handler physics-material
2025-5-5 15:21:27-debug: lazy register asset handler effect
2025-5-5 15:21:27-debug: lazy register asset handler effect-header
2025-5-5 15:21:27-debug: lazy register asset handler audio-clip
2025-5-5 15:21:27-debug: lazy register asset handler texture-cube-face
2025-5-5 15:21:27-debug: lazy register asset handler animation-clip
2025-5-5 15:21:27-debug: lazy register asset handler animation-graph
2025-5-5 15:21:27-debug: lazy register asset handler animation-graph-variant
2025-5-5 15:21:27-debug: lazy register asset handler animation-mask
2025-5-5 15:21:27-debug: lazy register asset handler ttf-font
2025-5-5 15:21:27-debug: lazy register asset handler bitmap-font
2025-5-5 15:21:27-debug: lazy register asset handler particle
2025-5-5 15:21:27-debug: lazy register asset handler sprite-atlas
2025-5-5 15:21:27-debug: lazy register asset handler auto-atlas
2025-5-5 15:21:27-debug: lazy register asset handler label-atlas
2025-5-5 15:21:27-debug: lazy register asset handler render-pipeline
2025-5-5 15:21:27-debug: lazy register asset handler render-stage
2025-5-5 15:21:27-debug: lazy register asset handler render-flow
2025-5-5 15:21:27-debug: lazy register asset handler instantiation-material
2025-5-5 15:21:27-debug: lazy register asset handler instantiation-mesh
2025-5-5 15:21:27-debug: lazy register asset handler instantiation-skeleton
2025-5-5 15:21:27-debug: lazy register asset handler instantiation-animation
2025-5-5 15:21:27-debug: lazy register asset handler video-clip
2025-5-5 15:21:27-debug: asset-db:worker-startup-database[oops-framework] (1749ms)
2025-5-5 15:21:27-debug: asset-db:start-database (1979ms)
2025-5-5 15:21:27-debug: asset-db:ready (17025ms)
2025-5-5 15:21:27-debug: fix the bug of updateDefaultUserData
2025-5-5 15:21:27-debug: init worker message success
2025-5-5 15:21:28-log: [oops-plugin-hot-update] 热更新插件加载
2025-5-5 15:21:28-debug: programming:execute-script (31ms)
2025-5-5 15:21:28-debug: [Build Memory track]: builder:worker-init start:218.43MB, end 239.94MB, increase: 21.51MB
2025-5-5 15:21:28-debug: builder:worker-init (1299ms)
2025-5-5 15:23:44-debug: refresh db internal success
2025-5-5 15:23:44-debug: refresh db assets success
2025-5-5 15:23:44-debug: refresh db oops-framework success
2025-5-5 15:23:44-debug: Run asset db hook engine-extends:afterRefresh ...
2025-5-5 15:23:44-debug: Run asset db hook engine-extends:afterRefresh success!
2025-5-5 15:23:44-debug: asset-db:refresh-all-database (110ms)
2025-5-5 15:23:44-debug: asset-db:worker-effect-data-processing (1ms)
2025-5-5 15:23:44-debug: asset-db-hook-engine-extends-afterRefresh (1ms)
2025-5-5 15:23:51-debug: Query all assets info in project
2025-5-5 15:23:51-debug: init custom config: keepNodeUuid: false, useCache: true
2025-5-5 15:23:51-debug: Skip compress image, progress: 0%
2025-5-5 15:23:51-debug: Init all bundles start..., progress: 0%
2025-5-5 15:23:51-debug: Num of bundles: 4..., progress: 0%
2025-5-5 15:23:51-debug: 查询 Asset Bundle start, progress: 0%
2025-5-5 15:23:51-debug: // ---- build task 查询 Asset Bundle ----
2025-5-5 15:23:51-debug: Init bundle root assets start..., progress: 0%
2025-5-5 15:23:51-debug: Query preload assets/scripts from cc.config.json: 60f7195c-ec2a-45eb-ba94-8955f60e81d0,1c02ae6f-4492-4915-b8f8-7492a3b1e4cd,810e96e4-e456-4468-9b59-f4e8f39732c0,efe8e2a3-eace-427b-b4f1-cb8a937ec77d,e9aa9a3e-5b2b-4ac7-a2c7-073de2b2b24f,8bbdbcdd-5cd4-4100-b6d5-b7c9625b6107,50f4348b-c883-4e2f-8f11-ce233b859fa1,fda095cb-831d-4601-ad94-846013963de8,f92806d7-1768-443f-afe8-12bcde84d0f0,dd3a144d-ab7f-41f0-82b8-2e43a090d496,f0416e68-0200-4b77-a926-4f9d16e494da,511d2633-09a7-4bdd-ac42-f778032124b3,5d45aa00-e064-4938-b314-4265f0c2258c,9361fd90-ba52-4f84-aa93-6e878fd576ca,970b0598-bcb0-4714-91fb-2e81440dccd8,bcd64cc6-2dd9-43f6-abbe-66318d332032,d930590d-bb92-4cc8-8bd1-23cd027f9edf,a3cd009f-0ab0-420d-9278-b9fdab939bbc,6a2d0734-bd9e-4ddf-946e-caa52498cb75,c27215d8-6835-4b68-bfbb-bdeac6100c04,b5d6115f-0370-4d7c-aad3-c194cc71cf98,d1346436-ac96-4271-b863-1f4fdead95b0,971bdb23-3ff6-43eb-b422-1c30165a3663,17debcc3-0a6b-4b8a-b00b-dc58b885581e,711ebe11-f673-4cd9-9a83-63c60ba54c5b,c0143906-9aed-447e-9436-2ae8512d1b6e,14da1725-c4c2-42b4-ab08-ee0aeb6898b3,081cab31-dccd-428e-8652-f2404cc81c47,78e0584a-4343-4727-8f37-e14e65c2a2db,ba21476f-2866-4f81-9c4d-6e359316e448,871c3b6c-7379-419d-bda3-794b239ab90d,1d08ef62-a503-4ce2-8b9a-46c90873f7d3,ff9b0199-ce04-4cfe-86cc-6c719f08d6e4,de1c2107-70c8-4021-8459-6399f24d01c6,cbf30902-517f-40dc-af90-a550bac27cf1
2025-5-5 15:23:51-debug:   Number of all scenes: 1
2025-5-5 15:23:51-debug:   Number of all scripts: 176
2025-5-5 15:23:51-debug:   Number of other assets: 391
2025-5-5 15:23:51-debug: Init bundle root assets success..., progress: 0%
2025-5-5 15:23:51-debug: // ---- build task 查询 Asset Bundle ---- (11ms)
2025-5-5 15:23:51-log: run build task 查询 Asset Bundle success in 11 ms√, progress: 5%
2025-5-5 15:23:51-debug: [Build Memory track]: 查询 Asset Bundle start:207.46MB, end 207.10MB, increase: -376.83KB
2025-5-5 15:23:51-debug: 查询 Asset Bundle start, progress: 5%
2025-5-5 15:23:51-debug: // ---- build task 查询 Asset Bundle ----
2025-5-5 15:23:51-debug: // ---- build task 查询 Asset Bundle ---- (5ms)
2025-5-5 15:23:51-debug: [Build Memory track]: 查询 Asset Bundle start:207.13MB, end 207.26MB, increase: 138.46KB
2025-5-5 15:23:51-log: run build task 查询 Asset Bundle success in 5 ms√, progress: 10%
2025-5-5 15:23:51-debug: 整理部分构建选项内数据到 settings.json start, progress: 10%
2025-5-5 15:23:51-debug: // ---- build task 整理部分构建选项内数据到 settings.json ----
2025-5-5 15:23:51-debug: // ---- build task 整理部分构建选项内数据到 settings.json ---- (2ms)
2025-5-5 15:23:51-log: run build task 整理部分构建选项内数据到 settings.json success in 2 ms√, progress: 12%
2025-5-5 15:23:51-debug: [Build Memory track]: 整理部分构建选项内数据到 settings.json start:207.29MB, end 207.32MB, increase: 29.21KB
2025-5-5 15:23:51-debug: 填充脚本数据到 settings.json start, progress: 12%
2025-5-5 15:23:51-debug: // ---- build task 填充脚本数据到 settings.json ----
2025-5-5 15:23:51-debug: // ---- build task 填充脚本数据到 settings.json ---- (1ms)
2025-5-5 15:23:51-debug: [Build Memory track]: 填充脚本数据到 settings.json start:207.36MB, end 207.39MB, increase: 28.60KB
2025-5-5 15:23:51-debug: 整理部分构建选项内数据到 settings.json start, progress: 13%
2025-5-5 15:23:51-log: run build task 填充脚本数据到 settings.json success in 1 ms√, progress: 13%
2025-5-5 15:23:51-debug: // ---- build task 整理部分构建选项内数据到 settings.json ----
2025-5-5 15:23:51-debug: // ---- build task 整理部分构建选项内数据到 settings.json ---- (5ms)
2025-5-5 15:23:51-log: run build task 整理部分构建选项内数据到 settings.json success in 5 ms√, progress: 15%
2025-5-5 15:23:51-debug: [Build Memory track]: 整理部分构建选项内数据到 settings.json start:207.42MB, end 207.56MB, increase: 146.87KB
2025-5-5 15:24:10-debug: refresh db internal success
2025-5-5 15:24:10-debug: refresh db assets success
2025-5-5 15:24:10-debug: Run asset db hook engine-extends:afterRefresh ...
2025-5-5 15:24:10-debug: refresh db oops-framework success
2025-5-5 15:24:10-debug: Run asset db hook engine-extends:afterRefresh success!
2025-5-5 15:24:10-debug: asset-db:refresh-all-database (108ms)
2025-5-5 15:24:10-debug: asset-db:worker-effect-data-processing (4ms)
2025-5-5 15:24:10-debug: asset-db-hook-engine-extends-afterRefresh (4ms)
2025-5-5 15:24:38-debug: Query all assets info in project
2025-5-5 15:24:38-debug: init custom config: keepNodeUuid: false, useCache: true
2025-5-5 15:24:38-debug: Skip compress image, progress: 0%
2025-5-5 15:24:38-debug: Init all bundles start..., progress: 0%
2025-5-5 15:24:38-debug: Num of bundles: 4..., progress: 0%
2025-5-5 15:24:38-debug: // ---- build task 查询 Asset Bundle ----
2025-5-5 15:24:38-debug: 查询 Asset Bundle start, progress: 0%
2025-5-5 15:24:38-debug: Init bundle root assets start..., progress: 0%
2025-5-5 15:24:38-debug: Query preload assets/scripts from cc.config.json: 60f7195c-ec2a-45eb-ba94-8955f60e81d0,1c02ae6f-4492-4915-b8f8-7492a3b1e4cd,810e96e4-e456-4468-9b59-f4e8f39732c0,efe8e2a3-eace-427b-b4f1-cb8a937ec77d,e9aa9a3e-5b2b-4ac7-a2c7-073de2b2b24f,8bbdbcdd-5cd4-4100-b6d5-b7c9625b6107,50f4348b-c883-4e2f-8f11-ce233b859fa1,fda095cb-831d-4601-ad94-846013963de8,f92806d7-1768-443f-afe8-12bcde84d0f0,dd3a144d-ab7f-41f0-82b8-2e43a090d496,f0416e68-0200-4b77-a926-4f9d16e494da,511d2633-09a7-4bdd-ac42-f778032124b3,5d45aa00-e064-4938-b314-4265f0c2258c,9361fd90-ba52-4f84-aa93-6e878fd576ca,970b0598-bcb0-4714-91fb-2e81440dccd8,bcd64cc6-2dd9-43f6-abbe-66318d332032,d930590d-bb92-4cc8-8bd1-23cd027f9edf,a3cd009f-0ab0-420d-9278-b9fdab939bbc,6a2d0734-bd9e-4ddf-946e-caa52498cb75,c27215d8-6835-4b68-bfbb-bdeac6100c04,b5d6115f-0370-4d7c-aad3-c194cc71cf98,d1346436-ac96-4271-b863-1f4fdead95b0,971bdb23-3ff6-43eb-b422-1c30165a3663,17debcc3-0a6b-4b8a-b00b-dc58b885581e,711ebe11-f673-4cd9-9a83-63c60ba54c5b,c0143906-9aed-447e-9436-2ae8512d1b6e,14da1725-c4c2-42b4-ab08-ee0aeb6898b3,081cab31-dccd-428e-8652-f2404cc81c47,78e0584a-4343-4727-8f37-e14e65c2a2db,ba21476f-2866-4f81-9c4d-6e359316e448,871c3b6c-7379-419d-bda3-794b239ab90d,1d08ef62-a503-4ce2-8b9a-46c90873f7d3,ff9b0199-ce04-4cfe-86cc-6c719f08d6e4,de1c2107-70c8-4021-8459-6399f24d01c6,cbf30902-517f-40dc-af90-a550bac27cf1
2025-5-5 15:24:38-debug:   Number of all scenes: 1
2025-5-5 15:24:38-debug:   Number of all scripts: 176
2025-5-5 15:24:38-debug:   Number of other assets: 391
2025-5-5 15:24:38-debug: Init bundle root assets success..., progress: 0%
2025-5-5 15:24:38-debug: // ---- build task 查询 Asset Bundle ---- (10ms)
2025-5-5 15:24:38-log: run build task 查询 Asset Bundle success in 10 ms√, progress: 5%
2025-5-5 15:24:38-debug: [Build Memory track]: 查询 Asset Bundle start:209.51MB, end 209.02MB, increase: -496.96KB
2025-5-5 15:24:38-debug: 查询 Asset Bundle start, progress: 5%
2025-5-5 15:24:38-debug: // ---- build task 查询 Asset Bundle ----
2025-5-5 15:24:38-debug: // ---- build task 查询 Asset Bundle ---- (3ms)
2025-5-5 15:24:38-log: run build task 查询 Asset Bundle success in 3 ms√, progress: 10%
2025-5-5 15:24:38-debug: [Build Memory track]: 查询 Asset Bundle start:209.05MB, end 209.18MB, increase: 127.88KB
2025-5-5 15:24:38-debug: 整理部分构建选项内数据到 settings.json start, progress: 10%
2025-5-5 15:24:38-debug: // ---- build task 整理部分构建选项内数据到 settings.json ----
2025-5-5 15:24:38-log: run build task 整理部分构建选项内数据到 settings.json success in √, progress: 12%
2025-5-5 15:24:38-debug: [Build Memory track]: 整理部分构建选项内数据到 settings.json start:209.21MB, end 209.23MB, increase: 24.07KB
2025-5-5 15:24:38-debug: 填充脚本数据到 settings.json start, progress: 12%
2025-5-5 15:24:38-debug: // ---- build task 填充脚本数据到 settings.json ----
2025-5-5 15:24:38-debug: // ---- build task 填充脚本数据到 settings.json ---- (2ms)
2025-5-5 15:24:38-log: run build task 填充脚本数据到 settings.json success in 2 ms√, progress: 13%
2025-5-5 15:24:38-debug: [Build Memory track]: 填充脚本数据到 settings.json start:209.26MB, end 209.29MB, increase: 27.86KB
2025-5-5 15:24:38-debug: 整理部分构建选项内数据到 settings.json start, progress: 13%
2025-5-5 15:24:38-debug: // ---- build task 整理部分构建选项内数据到 settings.json ----
2025-5-5 15:24:38-debug: // ---- build task 整理部分构建选项内数据到 settings.json ---- (4ms)
2025-5-5 15:24:38-log: run build task 整理部分构建选项内数据到 settings.json success in 4 ms√, progress: 15%
2025-5-5 15:24:38-debug: [Build Memory track]: 整理部分构建选项内数据到 settings.json start:209.33MB, end 209.46MB, increase: 139.66KB
2025-5-5 15:25:16-debug: refresh db internal success
2025-5-5 15:25:16-debug: refresh db assets success
2025-5-5 15:25:16-debug: refresh db oops-framework success
2025-5-5 15:25:16-debug: Run asset db hook engine-extends:afterRefresh ...
2025-5-5 15:25:16-debug: Run asset db hook engine-extends:afterRefresh success!
2025-5-5 15:25:16-debug: asset-db:refresh-all-database (275ms)
2025-5-5 15:25:16-debug: asset-db:worker-effect-data-processing (2ms)
2025-5-5 15:25:16-debug: asset-db-hook-engine-extends-afterRefresh (2ms)
