2025-5-9 21:51:09-debug: start **** info
2025-5-9 21:51:10-log: Cannot access game frame or container.
2025-5-9 21:51:12-debug: asset-db:require-engine-code (4183ms)
2025-5-9 21:51:12-log: meshopt wasm decoder initialized
2025-5-9 21:51:12-log: [bullet]:bullet wasm lib loaded.
2025-5-9 21:51:13-log: [box2d]:box2d wasm lib loaded.
2025-5-9 21:51:13-log: Cocos Creator v3.8.6
2025-5-9 21:51:13-log: Using legacy pipeline
2025-5-9 21:51:13-log: Forward render pipeline initialized.
2025-5-9 21:51:13-debug: [Assets Memory track]: asset-db:worker-init: initEngine start:31.55MB, end 80.70MB, increase: 49.15MB
2025-5-9 21:51:13-debug: [Assets Memory track]: asset-db-plugin-register: programming start:81.83MB, end 83.52MB, increase: 1.69MB
2025-5-9 21:51:16-debug: [Assets Memory track]: asset-db-plugin-register: builder start:83.55MB, end 216.30MB, increase: 132.75MB
2025-5-9 21:51:16-debug: [Assets Memory track]: asset-db-plugin-register: engine-extends start:216.54MB, end 219.66MB, increase: 3.12MB
2025-5-9 21:51:16-debug: [Assets Memory track]: asset-db-plugin-register: project start:81.69MB, end 219.84MB, increase: 138.15MB
2025-5-9 21:51:16-debug: [Assets Memory track]: asset-db:worker-init: initPlugin start:80.72MB, end 219.88MB, increase: 139.16MB
2025-5-9 21:51:16-debug: asset-db:worker-init: initPlugin (3802ms)
2025-5-9 21:51:17-debug: [Assets Memory track]: asset-db:worker-init start:31.54MB, end 171.88MB, increase: 140.34MB
2025-5-9 21:51:17-debug: Run asset db hook programming:beforePreStart ...
2025-5-9 21:51:17-debug: Run asset db hook programming:beforePreStart success!
2025-5-9 21:51:17-debug: Run asset db hook engine-extends:beforePreStart ...
2025-5-9 21:51:17-debug: Run asset db hook engine-extends:beforePreStart success!
2025-5-9 21:51:17-debug: asset-db:worker-init (9267ms)
2025-5-9 21:51:17-debug: asset-db-hook-programming-beforePreStart (273ms)
2025-5-9 21:51:17-debug: asset-db-hook-engine-extends-beforePreStart (271ms)
2025-5-9 21:51:17-debug: Preimport db internal success
2025-5-9 21:51:17-debug: Preimport db assets success
2025-5-9 21:51:17-debug: Preimport db oops-framework success
2025-5-9 21:51:17-debug: Run asset db hook programming:afterPreStart ...
2025-5-9 21:51:17-debug: starting packer-driver...
2025-5-9 21:51:18-debug: initialize scripting environment...
2025-5-9 21:51:18-debug: [[Executor]] prepare before lock
2025-5-9 21:51:18-debug: Set detail map pack:///resolution-detail-map.json: {}
2025-5-9 21:51:18-debug: [[Executor]] prepare after unlock
2025-5-9 21:51:18-debug: Run asset db hook programming:afterPreStart success!
2025-5-9 21:51:18-debug: Run asset db hook engine-extends:afterPreStart ...
2025-5-9 21:51:18-debug: Run asset db hook engine-extends:afterPreStart success!
2025-5-9 21:51:18-debug: [Assets Memory track]: asset-db:worker-init: preStart start:171.90MB, end 180.19MB, increase: 8.30MB
2025-5-9 21:51:18-debug: Start up the 'internal' database...
2025-5-9 21:51:19-debug: asset-db-hook-programming-afterPreStart (1760ms)
2025-5-9 21:51:19-debug: asset-db:worker-effect-data-processing (722ms)
2025-5-9 21:51:19-debug: asset-db-hook-engine-extends-afterPreStart (722ms)
2025-5-9 21:51:19-debug: [Assets Memory track]: asset-db:worker-startup-database[internal] start:172.00MB, end 192.58MB, increase: 20.59MB
2025-5-9 21:51:19-debug: Start up the 'assets' database...
2025-5-9 21:51:19-debug: asset-db:worker-startup-database[internal] (2349ms)
2025-5-9 21:51:19-debug: [Assets Memory track]: asset-db:worker-startup-database[assets] start:176.58MB, end 193.46MB, increase: 16.88MB
2025-5-9 21:51:19-debug: Start up the 'oops-framework' database...
2025-5-9 21:51:19-debug: asset-db:worker-startup-database[assets] (2004ms)
2025-5-9 21:51:19-debug: [Assets Memory track]: asset-db:worker-startup-database[oops-framework] start:178.04MB, end 194.09MB, increase: 16.04MB
2025-5-9 21:51:19-debug: [Assets Memory track]: asset-db:worker-init: startup start:180.20MB, end 194.10MB, increase: 13.90MB
2025-5-9 21:51:19-debug: lazy register asset handler *
2025-5-9 21:51:19-debug: lazy register asset handler directory
2025-5-9 21:51:19-debug: lazy register asset handler text
2025-5-9 21:51:19-debug: lazy register asset handler json
2025-5-9 21:51:19-debug: lazy register asset handler spine-data
2025-5-9 21:51:19-debug: lazy register asset handler dragonbones
2025-5-9 21:51:19-debug: lazy register asset handler dragonbones-atlas
2025-5-9 21:51:19-debug: lazy register asset handler terrain
2025-5-9 21:51:19-debug: lazy register asset handler javascript
2025-5-9 21:51:19-debug: lazy register asset handler typescript
2025-5-9 21:51:19-debug: lazy register asset handler scene
2025-5-9 21:51:19-debug: lazy register asset handler prefab
2025-5-9 21:51:19-debug: lazy register asset handler sprite-frame
2025-5-9 21:51:19-debug: lazy register asset handler tiled-map
2025-5-9 21:51:19-debug: lazy register asset handler buffer
2025-5-9 21:51:19-debug: lazy register asset handler image
2025-5-9 21:51:19-debug: lazy register asset handler sign-image
2025-5-9 21:51:19-debug: lazy register asset handler alpha-image
2025-5-9 21:51:19-debug: lazy register asset handler texture
2025-5-9 21:51:19-debug: lazy register asset handler texture-cube
2025-5-9 21:51:19-debug: lazy register asset handler erp-texture-cube
2025-5-9 21:51:19-debug: lazy register asset handler render-texture
2025-5-9 21:51:19-debug: lazy register asset handler texture-cube-face
2025-5-9 21:51:19-debug: lazy register asset handler rt-sprite-frame
2025-5-9 21:51:19-debug: lazy register asset handler gltf
2025-5-9 21:51:19-debug: lazy register asset handler gltf-mesh
2025-5-9 21:51:19-debug: lazy register asset handler gltf-animation
2025-5-9 21:51:19-debug: lazy register asset handler gltf-skeleton
2025-5-9 21:51:19-debug: lazy register asset handler gltf-material
2025-5-9 21:51:19-debug: lazy register asset handler gltf-scene
2025-5-9 21:51:19-debug: lazy register asset handler gltf-embeded-image
2025-5-9 21:51:19-debug: lazy register asset handler fbx
2025-5-9 21:51:19-debug: lazy register asset handler material
2025-5-9 21:51:19-debug: lazy register asset handler physics-material
2025-5-9 21:51:19-debug: lazy register asset handler effect
2025-5-9 21:51:19-debug: lazy register asset handler effect-header
2025-5-9 21:51:19-debug: lazy register asset handler audio-clip
2025-5-9 21:51:19-debug: lazy register asset handler animation-clip
2025-5-9 21:51:19-debug: lazy register asset handler animation-graph
2025-5-9 21:51:19-debug: lazy register asset handler animation-graph-variant
2025-5-9 21:51:19-debug: lazy register asset handler animation-mask
2025-5-9 21:51:19-debug: lazy register asset handler ttf-font
2025-5-9 21:51:19-debug: lazy register asset handler bitmap-font
2025-5-9 21:51:19-debug: lazy register asset handler particle
2025-5-9 21:51:19-debug: lazy register asset handler sprite-atlas
2025-5-9 21:51:19-debug: lazy register asset handler auto-atlas
2025-5-9 21:51:19-debug: lazy register asset handler label-atlas
2025-5-9 21:51:19-debug: lazy register asset handler render-pipeline
2025-5-9 21:51:19-debug: lazy register asset handler render-stage
2025-5-9 21:51:19-debug: lazy register asset handler render-flow
2025-5-9 21:51:19-debug: lazy register asset handler instantiation-material
2025-5-9 21:51:19-debug: lazy register asset handler instantiation-mesh
2025-5-9 21:51:19-debug: lazy register asset handler instantiation-skeleton
2025-5-9 21:51:19-debug: lazy register asset handler instantiation-animation
2025-5-9 21:51:19-debug: lazy register asset handler video-clip
2025-5-9 21:51:19-debug: asset-db:worker-startup-database[oops-framework] (2026ms)
2025-5-9 21:51:19-debug: asset-db:start-database (2431ms)
2025-5-9 21:51:19-debug: asset-db:ready (20281ms)
2025-5-9 21:51:19-debug: fix the bug of updateDefaultUserData
2025-5-9 21:51:19-debug: init worker message success
2025-5-9 21:51:19-debug: programming:execute-script (8ms)
2025-5-9 21:51:21-log: [oops-plugin-hot-update] 热更新插件加载
2025-5-9 21:51:21-debug: [Build Memory track]: builder:worker-init start:194.64MB, end 203.19MB, increase: 8.55MB
2025-5-9 21:51:22-debug: builder:worker-init (1897ms)
2025-5-9 21:51:49-debug: refresh db internal success
2025-5-9 21:51:49-debug: refresh db assets success
2025-5-9 21:51:49-debug: refresh db oops-framework success
2025-5-9 21:51:49-debug: Run asset db hook engine-extends:afterRefresh ...
2025-5-9 21:51:49-debug: Run asset db hook engine-extends:afterRefresh success!
2025-5-9 21:51:49-debug: asset-db:refresh-all-database (68ms)
2025-5-9 21:51:49-debug: asset-db:worker-effect-data-processing (2ms)
2025-5-9 21:51:49-debug: asset-db-hook-engine-extends-afterRefresh (2ms)
